2024-04-29T12:36:32.622+0600 [DEBUG] [org.gradle.launcher.daemon.bootstrap.DaemonMain] Assuming the daemon was started with following jvm opts: [--add-opens=java.base/java.util=ALL-UNNAMED, --add-opens=java.base/java.lang=ALL-UNNAMED, --add-opens=java.base/java.lang.invoke=ALL-UNNAMED, --add-opens=java.prefs/java.util.prefs=ALL-UNNAMED, --add-opens=java.base/java.nio.charset=ALL-UNNAMED, --add-opens=java.base/java.net=ALL-UNNAMED, --add-opens=java.base/java.util.concurrent.atomic=ALL-UNNAMED, -Xmx2048m, -Dfile.encoding=UTF-8, -Duser.country=US, -Duser.language=en, -Duser.variant]
2024-04-29T12:36:32.878+0600 [DEBUG] [org.gradle.internal.nativeintegration.services.NativeServices] Native-platform posix files integration is not available. Continuing with fallback.
2024-04-29T12:36:32.899+0600 [INFO] [org.gradle.launcher.daemon.server.Daemon] start() called on daemon - DefaultDaemonContext[uid=ff83af3d-b9f4-404c-992f-0dae087efcad,javaHome=C:\Program Files\Android\Android Studio\jbr,daemonRegistryDir=C:\Users\Rain Coder\Documents\Playlist-Android-Apps\daemon,pid=4036,idleTimeout=10800000,priority=NORMAL,applyInstrumentationAgent=true,daemonOpts=--add-opens=java.base/java.util=ALL-UNNAMED,--add-opens=java.base/java.lang=ALL-UNNAMED,--add-opens=java.base/java.lang.invoke=ALL-UNNAMED,--add-opens=java.prefs/java.util.prefs=ALL-UNNAMED,--add-opens=java.base/java.nio.charset=ALL-UNNAMED,--add-opens=java.base/java.net=ALL-UNNAMED,--add-opens=java.base/java.util.concurrent.atomic=ALL-UNNAMED,-Xmx2048m,-Dfile.encoding=UTF-8,-Duser.country=US,-Duser.language=en,-Duser.variant]
2024-04-29T12:36:33.008+0600 [DEBUG] [org.gradle.internal.remote.internal.inet.InetAddresses] Adding IP addresses for network interface Software Loopback Interface 1
2024-04-29T12:36:33.010+0600 [DEBUG] [org.gradle.internal.remote.internal.inet.InetAddresses] Is this a loopback interface? true
2024-04-29T12:36:33.010+0600 [DEBUG] [org.gradle.internal.remote.internal.inet.InetAddresses] Adding loopback address /127.0.0.1
2024-04-29T12:36:33.010+0600 [DEBUG] [org.gradle.internal.remote.internal.inet.InetAddresses] Adding loopback address /0:0:0:0:0:0:0:1
2024-04-29T12:36:33.011+0600 [DEBUG] [org.gradle.internal.remote.internal.inet.InetAddresses] Adding IP addresses for network interface WAN Miniport (PPPOE)
2024-04-29T12:36:33.013+0600 [DEBUG] [org.gradle.internal.remote.internal.inet.InetAddresses] Is this a loopback interface? false
2024-04-29T12:36:33.013+0600 [DEBUG] [org.gradle.internal.remote.internal.inet.InetAddresses] Adding IP addresses for network interface Microsoft 6to4 Adapter
2024-04-29T12:36:33.015+0600 [DEBUG] [org.gradle.internal.remote.internal.inet.InetAddresses] Is this a loopback interface? false
2024-04-29T12:36:33.015+0600 [DEBUG] [org.gradle.internal.remote.internal.inet.InetAddresses] Adding IP addresses for network interface WAN Miniport (IPv6)
2024-04-29T12:36:33.017+0600 [DEBUG] [org.gradle.internal.remote.internal.inet.InetAddresses] Is this a loopback interface? false
2024-04-29T12:36:33.017+0600 [DEBUG] [org.gradle.internal.remote.internal.inet.InetAddresses] Adding IP addresses for network interface Microsoft IP-HTTPS Platform Adapter
2024-04-29T12:36:33.018+0600 [DEBUG] [org.gradle.internal.remote.internal.inet.InetAddresses] Is this a loopback interface? false
2024-04-29T12:36:33.019+0600 [DEBUG] [org.gradle.internal.remote.internal.inet.InetAddresses] Adding IP addresses for network interface WAN Miniport (PPTP)
2024-04-29T12:36:33.020+0600 [DEBUG] [org.gradle.internal.remote.internal.inet.InetAddresses] Is this a loopback interface? false
2024-04-29T12:36:33.021+0600 [DEBUG] [org.gradle.internal.remote.internal.inet.InetAddresses] Adding IP addresses for network interface Microsoft Teredo Tunneling Adapter
2024-04-29T12:36:33.023+0600 [DEBUG] [org.gradle.internal.remote.internal.inet.InetAddresses] Is this a loopback interface? false
2024-04-29T12:36:33.023+0600 [DEBUG] [org.gradle.internal.remote.internal.inet.InetAddresses] Adding IP addresses for network interface WAN Miniport (Network Monitor)
2024-04-29T12:36:33.025+0600 [DEBUG] [org.gradle.internal.remote.internal.inet.InetAddresses] Is this a loopback interface? false
2024-04-29T12:36:33.025+0600 [DEBUG] [org.gradle.internal.remote.internal.inet.InetAddresses] Adding IP addresses for network interface WAN Miniport (IKEv2)
2024-04-29T12:36:33.027+0600 [DEBUG] [org.gradle.internal.remote.internal.inet.InetAddresses] Is this a loopback interface? false
2024-04-29T12:36:33.028+0600 [DEBUG] [org.gradle.internal.remote.internal.inet.InetAddresses] Adding IP addresses for network interface WAN Miniport (SSTP)
2024-04-29T12:36:33.029+0600 [DEBUG] [org.gradle.internal.remote.internal.inet.InetAddresses] Is this a loopback interface? false
2024-04-29T12:36:33.030+0600 [DEBUG] [org.gradle.internal.remote.internal.inet.InetAddresses] Adding IP addresses for network interface WAN Miniport (IP)
2024-04-29T12:36:33.032+0600 [DEBUG] [org.gradle.internal.remote.internal.inet.InetAddresses] Is this a loopback interface? false
2024-04-29T12:36:33.032+0600 [DEBUG] [org.gradle.internal.remote.internal.inet.InetAddresses] Adding IP addresses for network interface Microsoft Kernel Debug Network Adapter
2024-04-29T12:36:33.034+0600 [DEBUG] [org.gradle.internal.remote.internal.inet.InetAddresses] Is this a loopback interface? false
2024-04-29T12:36:33.034+0600 [DEBUG] [org.gradle.internal.remote.internal.inet.InetAddresses] Adding IP addresses for network interface Realtek PCIe FE Family Controller
2024-04-29T12:36:33.037+0600 [DEBUG] [org.gradle.internal.remote.internal.inet.InetAddresses] Is this a loopback interface? false
2024-04-29T12:36:33.037+0600 [DEBUG] [org.gradle.internal.remote.internal.inet.InetAddresses] Adding remote address /192.168.0.103
2024-04-29T12:36:33.038+0600 [DEBUG] [org.gradle.internal.remote.internal.inet.InetAddresses] Adding remote address /fe80:0:0:0:9241:4bce:196a:bdee%eth4
2024-04-29T12:36:33.038+0600 [DEBUG] [org.gradle.internal.remote.internal.inet.InetAddresses] Adding IP addresses for network interface WAN Miniport (L2TP)
2024-04-29T12:36:33.041+0600 [DEBUG] [org.gradle.internal.remote.internal.inet.InetAddresses] Is this a loopback interface? false
2024-04-29T12:36:33.041+0600 [DEBUG] [org.gradle.internal.remote.internal.inet.InetAddresses] Adding IP addresses for network interface Realtek PCIe FE Family Controller-WFP Native MAC Layer LightWeight Filter-0000
2024-04-29T12:36:33.043+0600 [DEBUG] [org.gradle.internal.remote.internal.inet.InetAddresses] Is this a loopback interface? false
2024-04-29T12:36:33.044+0600 [DEBUG] [org.gradle.internal.remote.internal.inet.InetAddresses] Adding IP addresses for network interface Realtek PCIe FE Family Controller-QoS Packet Scheduler-0000
2024-04-29T12:36:33.045+0600 [DEBUG] [org.gradle.internal.remote.internal.inet.InetAddresses] Is this a loopback interface? false
2024-04-29T12:36:33.046+0600 [DEBUG] [org.gradle.internal.remote.internal.inet.InetAddresses] Adding IP addresses for network interface Realtek PCIe FE Family Controller-WFP 802.3 MAC Layer LightWeight Filter-0000
2024-04-29T12:36:33.047+0600 [DEBUG] [org.gradle.internal.remote.internal.inet.InetAddresses] Is this a loopback interface? false
2024-04-29T12:36:33.048+0600 [DEBUG] [org.gradle.internal.remote.internal.inet.InetAddresses] Adding IP addresses for network interface WAN Miniport (IP)-WFP Native MAC Layer LightWeight Filter-0000
2024-04-29T12:36:33.049+0600 [DEBUG] [org.gradle.internal.remote.internal.inet.InetAddresses] Is this a loopback interface? false
2024-04-29T12:36:33.049+0600 [DEBUG] [org.gradle.internal.remote.internal.inet.InetAddresses] Adding IP addresses for network interface WAN Miniport (IP)-QoS Packet Scheduler-0000
2024-04-29T12:36:33.051+0600 [DEBUG] [org.gradle.internal.remote.internal.inet.InetAddresses] Is this a loopback interface? false
2024-04-29T12:36:33.051+0600 [DEBUG] [org.gradle.internal.remote.internal.inet.InetAddresses] Adding IP addresses for network interface WAN Miniport (IPv6)-WFP Native MAC Layer LightWeight Filter-0000
2024-04-29T12:36:33.053+0600 [DEBUG] [org.gradle.internal.remote.internal.inet.InetAddresses] Is this a loopback interface? false
2024-04-29T12:36:33.053+0600 [DEBUG] [org.gradle.internal.remote.internal.inet.InetAddresses] Adding IP addresses for network interface WAN Miniport (IPv6)-QoS Packet Scheduler-0000
2024-04-29T12:36:33.055+0600 [DEBUG] [org.gradle.internal.remote.internal.inet.InetAddresses] Is this a loopback interface? false
2024-04-29T12:36:33.056+0600 [DEBUG] [org.gradle.internal.remote.internal.inet.InetAddresses] Adding IP addresses for network interface WAN Miniport (Network Monitor)-WFP Native MAC Layer LightWeight Filter-0000
2024-04-29T12:36:33.057+0600 [DEBUG] [org.gradle.internal.remote.internal.inet.InetAddresses] Is this a loopback interface? false
2024-04-29T12:36:33.058+0600 [DEBUG] [org.gradle.internal.remote.internal.inet.InetAddresses] Adding IP addresses for network interface WAN Miniport (Network Monitor)-QoS Packet Scheduler-0000
2024-04-29T12:36:33.059+0600 [DEBUG] [org.gradle.internal.remote.internal.inet.InetAddresses] Is this a loopback interface? false
2024-04-29T12:36:33.066+0600 [DEBUG] [org.gradle.internal.remote.internal.inet.TcpIncomingConnector] Listening on [09d406f4-ef27-4afd-9cc7-5329af460452 port:1670, addresses:[localhost/127.0.0.1]].
2024-04-29T12:36:33.093+0600 [DEBUG] [org.gradle.launcher.daemon.server.Daemon] Daemon starting at: Mon Apr 29 12:36:33 BDT 2024, with address: [09d406f4-ef27-4afd-9cc7-5329af460452 port:1670, addresses:[localhost/127.0.0.1]]
2024-04-29T12:36:33.094+0600 [INFO] [org.gradle.launcher.daemon.server.DaemonRegistryUpdater] Advertising the daemon address to the clients: [09d406f4-ef27-4afd-9cc7-5329af460452 port:1670, addresses:[localhost/127.0.0.1]]
2024-04-29T12:36:33.094+0600 [DEBUG] [org.gradle.launcher.daemon.server.DaemonRegistryUpdater] Advertised daemon context: DefaultDaemonContext[uid=ff83af3d-b9f4-404c-992f-0dae087efcad,javaHome=C:\Program Files\Android\Android Studio\jbr,daemonRegistryDir=C:\Users\Rain Coder\Documents\Playlist-Android-Apps\daemon,pid=4036,idleTimeout=10800000,priority=NORMAL,applyInstrumentationAgent=true,daemonOpts=--add-opens=java.base/java.util=ALL-UNNAMED,--add-opens=java.base/java.lang=ALL-UNNAMED,--add-opens=java.base/java.lang.invoke=ALL-UNNAMED,--add-opens=java.prefs/java.util.prefs=ALL-UNNAMED,--add-opens=java.base/java.nio.charset=ALL-UNNAMED,--add-opens=java.base/java.net=ALL-UNNAMED,--add-opens=java.base/java.util.concurrent.atomic=ALL-UNNAMED,-Xmx2048m,-Dfile.encoding=UTF-8,-Duser.country=US,-Duser.language=en,-Duser.variant]
2024-04-29T12:36:33.095+0600 [DEBUG] [org.gradle.launcher.daemon.registry.PersistentDaemonRegistry] Storing daemon address: [09d406f4-ef27-4afd-9cc7-5329af460452 port:1670, addresses:[localhost/127.0.0.1]], context: DefaultDaemonContext[uid=ff83af3d-b9f4-404c-992f-0dae087efcad,javaHome=C:\Program Files\Android\Android Studio\jbr,daemonRegistryDir=C:\Users\Rain Coder\Documents\Playlist-Android-Apps\daemon,pid=4036,idleTimeout=10800000,priority=NORMAL,applyInstrumentationAgent=true,daemonOpts=--add-opens=java.base/java.util=ALL-UNNAMED,--add-opens=java.base/java.lang=ALL-UNNAMED,--add-opens=java.base/java.lang.invoke=ALL-UNNAMED,--add-opens=java.prefs/java.util.prefs=ALL-UNNAMED,--add-opens=java.base/java.nio.charset=ALL-UNNAMED,--add-opens=java.base/java.net=ALL-UNNAMED,--add-opens=java.base/java.util.concurrent.atomic=ALL-UNNAMED,-Xmx2048m,-Dfile.encoding=UTF-8,-Duser.country=US,-Duser.language=en,-Duser.variant]
2024-04-29T12:36:33.111+0600 [DEBUG] [org.gradle.cache.internal.DefaultFileLockManager] Waiting to acquire exclusive lock on daemon addresses registry.
2024-04-29T12:36:33.118+0600 [DEBUG] [org.gradle.cache.internal.DefaultFileLockManager] Lock acquired on daemon addresses registry.
2024-04-29T12:36:33.124+0600 [DEBUG] [org.gradle.cache.internal.DefaultFileLockManager] Releasing lock on daemon addresses registry.
2024-04-29T12:36:33.124+0600 [LIFECYCLE] [org.gradle.launcher.daemon.server.Daemon] Daemon server started.
2024-04-29T12:36:33.125+0600 [DEBUG] [org.gradle.launcher.daemon.bootstrap.DaemonStartupCommunication] Completed writing the daemon greeting. Closing streams...
2024-04-29T12:36:33.131+0600 [DEBUG] [org.gradle.launcher.daemon.server.Daemon] stopOnExpiration() called on daemon
2024-04-29T12:36:33.133+0600 [DEBUG] [org.gradle.launcher.daemon.server.Daemon] awaitExpiration() called on daemon
2024-04-29T12:36:33.134+0600 [DEBUG] [org.gradle.launcher.daemon.server.DaemonStateCoordinator] daemon is running. Sleeping until state changes.
2024-04-29T12:36:33.137+0600 [DEBUG] [org.gradle.internal.remote.internal.inet.TcpIncomingConnector] Accepted connection from /127.0.0.1:1671 to /127.0.0.1:1670.
2024-04-29T12:36:33.254+0600 [DEBUG] [org.gradle.launcher.daemon.server.SynchronizedDispatchConnection] thread 21: received class org.gradle.launcher.daemon.protocol.Build
2024-04-29T12:36:33.254+0600 [DEBUG] [org.gradle.launcher.daemon.server.DefaultDaemonConnection] thread 21: Received non-IO message from client: Build{id=3b971643-d01a-4749-9c41-342625ae3aaa, currentDir=C:\Users\Rain Coder\AndroidStudioProjects\SignupprojectsandsignIn}
2024-04-29T12:36:33.254+0600 [INFO] [org.gradle.launcher.daemon.server.DefaultIncomingConnectionHandler] Received command: Build{id=3b971643-d01a-4749-9c41-342625ae3aaa, currentDir=C:\Users\Rain Coder\AndroidStudioProjects\SignupprojectsandsignIn}.
2024-04-29T12:36:33.255+0600 [DEBUG] [org.gradle.launcher.daemon.server.DefaultIncomingConnectionHandler] Starting executing command: Build{id=3b971643-d01a-4749-9c41-342625ae3aaa, currentDir=C:\Users\Rain Coder\AndroidStudioProjects\SignupprojectsandsignIn} with connection: socket connection from /127.0.0.1:1670 to /127.0.0.1:1671.
2024-04-29T12:36:33.257+0600 [DEBUG] [org.gradle.launcher.daemon.server.DaemonStateCoordinator] Command execution: started DaemonCommandExecution[command = Build{id=3b971643-d01a-4749-9c41-342625ae3aaa, currentDir=C:\Users\Rain Coder\AndroidStudioProjects\SignupprojectsandsignIn}, connection = DefaultDaemonConnection: socket connection from /127.0.0.1:1670 to /127.0.0.1:1671] after 0.0 minutes of idle
2024-04-29T12:36:33.257+0600 [INFO] [org.gradle.launcher.daemon.server.DaemonRegistryUpdater] Marking the daemon as busy, address: [09d406f4-ef27-4afd-9cc7-5329af460452 port:1670, addresses:[localhost/127.0.0.1]]
2024-04-29T12:36:33.258+0600 [DEBUG] [org.gradle.launcher.daemon.registry.PersistentDaemonRegistry] Marking busy by address: [09d406f4-ef27-4afd-9cc7-5329af460452 port:1670, addresses:[localhost/127.0.0.1]]
2024-04-29T12:36:33.259+0600 [DEBUG] [org.gradle.cache.internal.DefaultFileLockManager] Waiting to acquire exclusive lock on daemon addresses registry.
2024-04-29T12:36:33.259+0600 [DEBUG] [org.gradle.cache.internal.DefaultFileLockManager] Lock acquired on daemon addresses registry.
2024-04-29T12:36:33.260+0600 [DEBUG] [org.gradle.cache.internal.DefaultFileLockManager] Releasing lock on daemon addresses registry.
2024-04-29T12:36:33.261+0600 [DEBUG] [org.gradle.launcher.daemon.server.DaemonStateCoordinator] resetting idle timer
2024-04-29T12:36:33.261+0600 [DEBUG] [org.gradle.launcher.daemon.server.DaemonStateCoordinator] daemon is running. Sleeping until state changes.
2024-04-29T12:36:33.262+0600 [INFO] [org.gradle.launcher.daemon.server.exec.StartBuildOrRespondWithBusy] Daemon is about to start building Build{id=3b971643-d01a-4749-9c41-342625ae3aaa, currentDir=C:\Users\Rain Coder\AndroidStudioProjects\SignupprojectsandsignIn}. Dispatching build started information...
2024-04-29T12:36:33.262+0600 [DEBUG] [org.gradle.launcher.daemon.server.SynchronizedDispatchConnection] thread 23: dispatching org.gradle.launcher.daemon.protocol.BuildStarted@585193f5
2024-04-29T12:36:33.264+0600 [DEBUG] [org.gradle.launcher.daemon.server.exec.EstablishBuildEnvironment] Configuring env variables: [USERDOMAIN_ROAMINGPROFILE, LOCALAPPDATA, PROCESSOR_LEVEL, USERDOMAIN, LOGONSERVER, FPS_BROWSER_APP_PROFILE_STRING, JAVA_HOME, SESSIONNAME, ALLUSERSPROFILE, PROCESSOR_ARCHITECTURE, PSModulePath, SystemDrive, APPDATA, USERNAME, ProgramFiles(x86), CommonProgramFiles, Path, FPS_BROWSER_USER_PROFILE_STRING, PATHEXT, DriverData, OS, COMPUTERNAME, PROCESSOR_REVISION, CommonProgramW6432, ComSpec, ProgramData, ProgramW6432, TEMP, HOMEPATH, SystemRoot, PROCESSOR_IDENTIFIER, HOMEDRIVE, USERPROFILE, TMP, CommonProgramFiles(x86), ProgramFiles, PUBLIC, windir, NUMBER_OF_PROCESSORS, =::, IDEA_INITIAL_DIRECTORY]
2024-04-29T12:36:33.268+0600 [DEBUG] [org.gradle.launcher.daemon.server.SynchronizedDispatchConnection] thread 21: received class org.gradle.launcher.daemon.protocol.CloseInput
2024-04-29T12:36:33.269+0600 [DEBUG] [org.gradle.launcher.daemon.server.DefaultDaemonConnection] thread 21: Received IO message from client: org.gradle.launcher.daemon.protocol.CloseInput@2bb0b3e5
2024-04-29T12:36:33.273+0600 [DEBUG] [org.gradle.launcher.daemon.server.exec.LogToClient] About to start relaying all logs to the client via the connection.
2024-04-29T12:36:33.273+0600 [INFO] [org.gradle.launcher.daemon.server.exec.LogToClient] The client will now receive all logging from the daemon (pid: 4036). The daemon log file: C:\Users\Rain Coder\Documents\Playlist-Android-Apps\daemon\8.4\daemon-4036.out.log
2024-04-29T12:36:33.276+0600 [INFO] [org.gradle.launcher.daemon.server.exec.LogAndCheckHealth] Starting build in new daemon [memory: 2 GiB]
2024-04-29T12:36:33.278+0600 [INFO] [org.gradle.launcher.daemon.server.exec.ForwardClientInput] Closing daemon's stdin at end of input.
2024-04-29T12:36:33.278+0600 [INFO] [org.gradle.launcher.daemon.server.exec.ForwardClientInput] The daemon will no longer process any standard input.
2024-04-29T12:36:33.280+0600 [DEBUG] [org.gradle.launcher.daemon.server.exec.ExecuteBuild] The daemon has started executing the build.
2024-04-29T12:36:33.280+0600 [DEBUG] [org.gradle.launcher.daemon.server.exec.ExecuteBuild] Executing build with daemon context: DefaultDaemonContext[uid=ff83af3d-b9f4-404c-992f-0dae087efcad,javaHome=C:\Program Files\Android\Android Studio\jbr,daemonRegistryDir=C:\Users\Rain Coder\Documents\Playlist-Android-Apps\daemon,pid=4036,idleTimeout=10800000,priority=NORMAL,applyInstrumentationAgent=true,daemonOpts=--add-opens=java.base/java.util=ALL-UNNAMED,--add-opens=java.base/java.lang=ALL-UNNAMED,--add-opens=java.base/java.lang.invoke=ALL-UNNAMED,--add-opens=java.prefs/java.util.prefs=ALL-UNNAMED,--add-opens=java.base/java.nio.charset=ALL-UNNAMED,--add-opens=java.base/java.net=ALL-UNNAMED,--add-opens=java.base/java.util.concurrent.atomic=ALL-UNNAMED,-Xmx2048m,-Dfile.encoding=UTF-8,-Duser.country=US,-Duser.language=en,-Duser.variant]
Generating lint files for backported methods only (compile API B)

Deprecated Gradle features were used in this build, making it incompatible with Gradle 9.0.

You can use '--warning-mode all' to show the individual deprecation warnings and determine if they come from your own scripts or plugins.

For more on this, please refer to https://docs.gradle.org/8.4/userguide/command_line_interface.html#sec:command_line_warnings in the Gradle documentation.

BUILD SUCCESSFUL in 1m 16s
2024-04-29T12:37:43.645+0600 [DEBUG] [org.gradle.launcher.daemon.server.exec.ExecuteBuild] The daemon has finished executing the build.
2024-04-29T12:37:43.661+0600 [DEBUG] [org.gradle.launcher.daemon.server.DaemonStateCoordinator] daemon is running. Sleeping until state changes.
2024-04-29T12:37:43.661+0600 [DEBUG] [org.gradle.launcher.daemon.server.DaemonStateCoordinator] Command execution: finished waiting for DaemonCommandExecution[command = Build{id=3b971643-d01a-4749-9c41-342625ae3aaa, currentDir=C:\Users\Rain Coder\AndroidStudioProjects\SignupprojectsandsignIn}, connection = DefaultDaemonConnection: socket connection from /127.0.0.1:1670 to /127.0.0.1:1671]. Result org.gradle.launcher.daemon.server.DaemonStateCoordinator@7ff754f1 with state Busy
2024-04-29T12:37:43.661+0600 [DEBUG] [org.gradle.launcher.daemon.server.DaemonStateCoordinator] Command execution: completed DaemonCommandExecution[command = Build{id=3b971643-d01a-4749-9c41-342625ae3aaa, currentDir=C:\Users\Rain Coder\AndroidStudioProjects\SignupprojectsandsignIn}, connection = DefaultDaemonConnection: socket connection from /127.0.0.1:1670 to /127.0.0.1:1671]
2024-04-29T12:37:43.661+0600 [DEBUG] [org.gradle.launcher.daemon.server.DaemonStateCoordinator] resetting idle timer
2024-04-29T12:37:43.662+0600 [INFO] [org.gradle.launcher.daemon.server.DaemonRegistryUpdater] Marking the daemon as idle, address: [09d406f4-ef27-4afd-9cc7-5329af460452 port:1670, addresses:[localhost/127.0.0.1]]
2024-04-29T12:37:43.662+0600 [DEBUG] [org.gradle.launcher.daemon.registry.PersistentDaemonRegistry] Marking busy by address: [09d406f4-ef27-4afd-9cc7-5329af460452 port:1670, addresses:[localhost/127.0.0.1]]
2024-04-29T12:37:43.663+0600 [DEBUG] [org.gradle.cache.internal.DefaultFileLockManager] Waiting to acquire exclusive lock on daemon addresses registry.
2024-04-29T12:37:43.663+0600 [DEBUG] [org.gradle.cache.internal.DefaultFileLockManager] Lock acquired on daemon addresses registry.
2024-04-29T12:37:43.664+0600 [DEBUG] [org.gradle.cache.internal.DefaultFileLockManager] Releasing lock on daemon addresses registry.
2024-04-29T12:37:43.665+0600 [DEBUG] [org.gradle.launcher.daemon.server.DaemonStateCoordinator] daemon is running. Sleeping until state changes.
2024-04-29T12:37:43.665+0600 [DEBUG] [org.gradle.launcher.daemon.server.exec.ReturnResult] Daemon is dispatching the build result: Success[value=org.gradle.launcher.exec.BuildActionResult@22d3a97c]
2024-04-29T12:37:43.665+0600 [DEBUG] [org.gradle.launcher.daemon.server.SynchronizedDispatchConnection] thread 20: dispatching Success[value=org.gradle.launcher.exec.BuildActionResult@22d3a97c]
2024-04-29T12:37:43.666+0600 [DEBUG] [org.gradle.launcher.daemon.server.DefaultIncomingConnectionHandler] Finishing executing command: Build{id=3b971643-d01a-4749-9c41-342625ae3aaa, currentDir=C:\Users\Rain Coder\AndroidStudioProjects\SignupprojectsandsignIn}
2024-04-29T12:37:43.666+0600 [DEBUG] [org.gradle.launcher.daemon.server.SynchronizedDispatchConnection] thread 21: received class org.gradle.launcher.daemon.protocol.Finished
2024-04-29T12:37:43.667+0600 [DEBUG] [org.gradle.launcher.daemon.server.DefaultDaemonConnection] thread 21: Received non-IO message from client: org.gradle.launcher.daemon.protocol.Finished@33565167
2024-04-29T12:37:43.667+0600 [DEBUG] [org.gradle.launcher.daemon.server.DefaultIncomingConnectionHandler] Received finished message: org.gradle.launcher.daemon.protocol.Finished@33565167
2024-04-29T12:37:43.667+0600 [DEBUG] [org.gradle.launcher.daemon.server.SynchronizedDispatchConnection] thread 20: stopping connection
2024-04-29T12:37:43.667+0600 [DEBUG] [org.gradle.internal.remote.internal.inet.SocketConnection] Discarding EOFException: java.io.EOFException
2024-04-29T12:37:43.668+0600 [DEBUG] [org.gradle.launcher.daemon.server.SynchronizedDispatchConnection] thread 21: received null
2024-04-29T12:37:43.668+0600 [DEBUG] [org.gradle.launcher.daemon.server.DefaultDaemonConnection] thread 21: Received end-of-input from client.
2024-04-29T12:37:43.669+0600 [DEBUG] [org.gradle.launcher.daemon.server.SynchronizedDispatchConnection] thread 20: stopping connection
2024-04-29T12:37:48.932+0600 [DEBUG] [org.gradle.internal.remote.internal.inet.TcpIncomingConnector] Accepted connection from /127.0.0.1:1687 to /127.0.0.1:1670.
2024-04-29T12:37:48.952+0600 [DEBUG] [org.gradle.launcher.daemon.server.SynchronizedDispatchConnection] thread 90: received class org.gradle.launcher.daemon.protocol.StopWhenIdle
2024-04-29T12:37:48.953+0600 [DEBUG] [org.gradle.launcher.daemon.server.DefaultDaemonConnection] thread 90: Received non-IO message from client: StopWhenIdle[id=ba2cc098-44ec-47b2-85de-2157b0765d23]
2024-04-29T12:37:48.953+0600 [INFO] [org.gradle.launcher.daemon.server.DefaultIncomingConnectionHandler] Received command: StopWhenIdle[id=ba2cc098-44ec-47b2-85de-2157b0765d23].
2024-04-29T12:37:48.953+0600 [DEBUG] [org.gradle.launcher.daemon.server.DefaultIncomingConnectionHandler] Starting executing command: StopWhenIdle[id=ba2cc098-44ec-47b2-85de-2157b0765d23] with connection: socket connection from /127.0.0.1:1670 to /127.0.0.1:1687.
2024-04-29T12:37:48.953+0600 [DEBUG] [org.gradle.launcher.daemon.server.DaemonRegistryUpdater] Storing daemon stop event: stop command received
2024-04-29T12:37:48.960+0600 [DEBUG] [org.gradle.launcher.daemon.registry.PersistentDaemonRegistry] Storing daemon stop event with timestamp 1714372668948
2024-04-29T12:37:48.967+0600 [DEBUG] [org.gradle.cache.internal.DefaultFileLockManager] Waiting to acquire exclusive lock on daemon addresses registry.
2024-04-29T12:37:48.967+0600 [DEBUG] [org.gradle.cache.internal.DefaultFileLockManager] Lock acquired on daemon addresses registry.
2024-04-29T12:37:48.969+0600 [DEBUG] [org.gradle.cache.internal.DefaultFileLockManager] Releasing lock on daemon addresses registry.
2024-04-29T12:37:48.969+0600 [LIFECYCLE] [org.gradle.launcher.daemon.server.DaemonStateCoordinator] Daemon will be stopped at the end of the build stop command received
2024-04-29T12:37:48.969+0600 [DEBUG] [org.gradle.launcher.daemon.server.DaemonStateCoordinator] Marking daemon stopped due to stop command received. The daemon is running a build: false
2024-04-29T12:37:48.970+0600 [DEBUG] [org.gradle.launcher.daemon.server.SynchronizedDispatchConnection] thread 20: dispatching Success[value=null]
2024-04-29T12:37:48.981+0600 [DEBUG] [org.gradle.launcher.daemon.server.DefaultIncomingConnectionHandler] Finishing executing command: StopWhenIdle[id=ba2cc098-44ec-47b2-85de-2157b0765d23]
2024-04-29T12:37:48.980+0600 [DEBUG] [org.gradle.launcher.daemon.server.DaemonStateCoordinator] daemon has stopped.
2024-04-29T12:37:48.982+0600 [DEBUG] [org.gradle.launcher.daemon.server.Daemon] stop() called on daemon
2024-04-29T12:37:48.982+0600 [INFO] [org.gradle.launcher.daemon.server.Daemon] Stop requested. Daemon is removing its presence from the registry...
2024-04-29T12:37:48.983+0600 [DEBUG] [org.gradle.launcher.daemon.server.DaemonRegistryUpdater] Removing our presence to clients, eg. removing this address from the registry: [09d406f4-ef27-4afd-9cc7-5329af460452 port:1670, addresses:[localhost/127.0.0.1]]
2024-04-29T12:37:48.983+0600 [DEBUG] [org.gradle.launcher.daemon.registry.PersistentDaemonRegistry] Removing daemon address: [09d406f4-ef27-4afd-9cc7-5329af460452 port:1670, addresses:[localhost/127.0.0.1]]
2024-04-29T12:37:48.984+0600 [DEBUG] [org.gradle.launcher.daemon.server.SynchronizedDispatchConnection] thread 90: received class org.gradle.launcher.daemon.protocol.Finished
2024-04-29T12:37:48.984+0600 [DEBUG] [org.gradle.launcher.daemon.server.DefaultDaemonConnection] thread 90: Received non-IO message from client: org.gradle.launcher.daemon.protocol.Finished@154b105f
2024-04-29T12:37:48.985+0600 [DEBUG] [org.gradle.launcher.daemon.server.DefaultIncomingConnectionHandler] Received finished message: org.gradle.launcher.daemon.protocol.Finished@154b105f
2024-04-29T12:37:48.985+0600 [DEBUG] [org.gradle.launcher.daemon.server.SynchronizedDispatchConnection] thread 20: stopping connection
2024-04-29T12:37:48.985+0600 [DEBUG] [org.gradle.internal.remote.internal.inet.SocketConnection] Discarding EOFException: java.io.EOFException
2024-04-29T12:37:48.985+0600 [DEBUG] [org.gradle.launcher.daemon.server.SynchronizedDispatchConnection] thread 90: received null
2024-04-29T12:37:48.985+0600 [DEBUG] [org.gradle.launcher.daemon.server.DefaultDaemonConnection] thread 90: Received end-of-input from client.
2024-04-29T12:37:48.986+0600 [DEBUG] [org.gradle.cache.internal.DefaultFileLockManager] Waiting to acquire exclusive lock on daemon addresses registry.
2024-04-29T12:37:48.986+0600 [DEBUG] [org.gradle.launcher.daemon.server.SynchronizedDispatchConnection] thread 20: stopping connection
2024-04-29T12:37:48.986+0600 [DEBUG] [org.gradle.cache.internal.DefaultFileLockManager] Lock acquired on daemon addresses registry.
2024-04-29T12:37:48.988+0600 [DEBUG] [org.gradle.cache.internal.DefaultFileLockManager] Releasing lock on daemon addresses registry.
2024-04-29T12:37:49.032+0600 [DEBUG] [org.gradle.launcher.daemon.server.DaemonRegistryUpdater] Address removed from registry.
2024-04-29T12:37:49.036+0600 [DEBUG] [org.gradle.cache.internal.LockOnDemandCrossProcessCacheAccess] Releasing file lock for jars (C:\Users\Rain Coder\Documents\Playlist-Android-Apps\caches\jars-9)
2024-04-29T12:37:49.040+0600 [DEBUG] [org.gradle.cache.internal.DefaultFileLockManager] Releasing lock on jars (C:\Users\Rain Coder\Documents\Playlist-Android-Apps\caches\jars-9).
2024-04-29T12:37:49.087+0600 [DEBUG] [org.gradle.cache.internal.DefaultPersistentDirectoryStore] jars (C:\Users\Rain Coder\Documents\Playlist-Android-Apps\caches\jars-9) has last been fully cleaned up 18 hours ago
2024-04-29T12:37:49.088+0600 [DEBUG] [org.gradle.cache.internal.LockOnDemandCrossProcessCacheAccess] Releasing file lock for Artifact transforms cache (C:\Users\Rain Coder\Documents\Playlist-Android-Apps\caches\transforms-3)
2024-04-29T12:37:49.089+0600 [DEBUG] [org.gradle.cache.internal.DefaultFileLockManager] Releasing lock on Artifact transforms cache (C:\Users\Rain Coder\Documents\Playlist-Android-Apps\caches\transforms-3).
2024-04-29T12:37:49.090+0600 [DEBUG] [org.gradle.cache.internal.DefaultPersistentDirectoryStore] Artifact transforms cache (C:\Users\Rain Coder\Documents\Playlist-Android-Apps\caches\transforms-3) has last been fully cleaned up 18 hours ago
2024-04-29T12:37:49.094+0600 [DEBUG] [org.gradle.cache.internal.LockOnDemandCrossProcessCacheAccess] Releasing file lock for kotlin-dsl (C:\Users\Rain Coder\Documents\Playlist-Android-Apps\caches\8.4\kotlin-dsl)
2024-04-29T12:37:49.095+0600 [DEBUG] [org.gradle.cache.internal.btree.BTreePersistentIndexedCache] Closing cache executionHistory.bin (C:\Users\Rain Coder\Documents\Playlist-Android-Apps\caches\8.4\kotlin-dsl\executionHistory.bin)
2024-04-29T12:37:49.095+0600 [DEBUG] [org.gradle.cache.internal.DefaultFileLockManager] Releasing lock on kotlin-dsl (C:\Users\Rain Coder\Documents\Playlist-Android-Apps\caches\8.4\kotlin-dsl).
2024-04-29T12:37:49.096+0600 [DEBUG] [org.gradle.cache.internal.DefaultPersistentDirectoryStore] kotlin-dsl (C:\Users\Rain Coder\Documents\Playlist-Android-Apps\caches\8.4\kotlin-dsl) has last been fully cleaned up 18 hours ago
2024-04-29T12:37:49.112+0600 [DEBUG] [org.gradle.cache.internal.LockOnDemandCrossProcessCacheAccess] Releasing file lock for file content cache (C:\Users\Rain Coder\Documents\Playlist-Android-Apps\caches\8.4\fileContent)
2024-04-29T12:37:49.112+0600 [DEBUG] [org.gradle.cache.internal.DefaultFileLockManager] Releasing lock on file content cache (C:\Users\Rain Coder\Documents\Playlist-Android-Apps\caches\8.4\fileContent).
2024-04-29T12:37:49.113+0600 [DEBUG] [org.gradle.internal.watch.vfs.impl.WatchingVirtualFileSystem] Closing VFS, dropping state
2024-04-29T12:37:49.117+0600 [DEBUG] [org.gradle.internal.watch.registry.impl.DefaultFileWatcherRegistry] Finished listening to file system change events
2024-04-29T12:37:49.117+0600 [DEBUG] [org.gradle.cache.internal.LockOnDemandCrossProcessCacheAccess] Releasing file lock for Generated Gradle JARs cache (C:\Users\Rain Coder\Documents\Playlist-Android-Apps\caches\8.4\generated-gradle-jars)
2024-04-29T12:37:49.118+0600 [DEBUG] [org.gradle.cache.internal.DefaultFileLockManager] Releasing lock on Generated Gradle JARs cache (C:\Users\Rain Coder\Documents\Playlist-Android-Apps\caches\8.4\generated-gradle-jars).
2024-04-29T12:37:49.118+0600 [DEBUG] [org.gradle.cache.internal.LockOnDemandCrossProcessCacheAccess] Releasing file lock for artifact cache (C:\Users\Rain Coder\Documents\Playlist-Android-Apps\caches\modules-2)
2024-04-29T12:37:49.118+0600 [DEBUG] [org.gradle.cache.internal.btree.BTreePersistentIndexedCache] Closing cache module-artifact.bin (C:\Users\Rain Coder\Documents\Playlist-Android-Apps\caches\modules-2\metadata-2.106\module-artifact.bin)
2024-04-29T12:37:49.119+0600 [DEBUG] [org.gradle.cache.internal.btree.BTreePersistentIndexedCache] Closing cache resource-at-url.bin (C:\Users\Rain Coder\Documents\Playlist-Android-Apps\caches\modules-2\metadata-2.106\resource-at-url.bin)
2024-04-29T12:37:49.119+0600 [DEBUG] [org.gradle.cache.internal.btree.BTreePersistentIndexedCache] Closing cache module-metadata.bin (C:\Users\Rain Coder\Documents\Playlist-Android-Apps\caches\modules-2\metadata-2.106\module-metadata.bin)
2024-04-29T12:37:49.119+0600 [DEBUG] [org.gradle.cache.internal.btree.BTreePersistentIndexedCache] Closing cache module-artifacts.bin (C:\Users\Rain Coder\Documents\Playlist-Android-Apps\caches\modules-2\metadata-2.106\module-artifacts.bin)
2024-04-29T12:37:49.120+0600 [DEBUG] [org.gradle.cache.internal.DefaultFileLockManager] Releasing lock on artifact cache (C:\Users\Rain Coder\Documents\Playlist-Android-Apps\caches\modules-2).
2024-04-29T12:37:49.122+0600 [DEBUG] [org.gradle.cache.internal.DefaultPersistentDirectoryStore] artifact cache (C:\Users\Rain Coder\Documents\Playlist-Android-Apps\caches\modules-2) has last been fully cleaned up 18 hours ago
2024-04-29T12:37:49.124+0600 [DEBUG] [org.gradle.cache.internal.LockOnDemandCrossProcessCacheAccess] Releasing file lock for journal cache (C:\Users\Rain Coder\Documents\Playlist-Android-Apps\caches\journal-1)
2024-04-29T12:37:49.125+0600 [DEBUG] [org.gradle.cache.internal.btree.BTreePersistentIndexedCache] Closing cache file-access.bin (C:\Users\Rain Coder\Documents\Playlist-Android-Apps\caches\journal-1\file-access.bin)
2024-04-29T12:37:49.125+0600 [DEBUG] [org.gradle.cache.internal.DefaultFileLockManager] Releasing lock on journal cache (C:\Users\Rain Coder\Documents\Playlist-Android-Apps\caches\journal-1).
2024-04-29T12:37:49.127+0600 [DEBUG] [org.gradle.cache.internal.LockOnDemandCrossProcessCacheAccess] Releasing file lock for file hash cache (C:\Users\Rain Coder\Documents\Playlist-Android-Apps\caches\8.4\fileHashes)
2024-04-29T12:37:49.127+0600 [DEBUG] [org.gradle.cache.internal.btree.BTreePersistentIndexedCache] Closing cache fileHashes.bin (C:\Users\Rain Coder\Documents\Playlist-Android-Apps\caches\8.4\fileHashes\fileHashes.bin)
2024-04-29T12:37:49.131+0600 [DEBUG] [org.gradle.cache.internal.btree.BTreePersistentIndexedCache] Closing cache resourceHashesCache.bin (C:\Users\Rain Coder\Documents\Playlist-Android-Apps\caches\8.4\fileHashes\resourceHashesCache.bin)
2024-04-29T12:37:49.131+0600 [DEBUG] [org.gradle.cache.internal.DefaultFileLockManager] Releasing lock on file hash cache (C:\Users\Rain Coder\Documents\Playlist-Android-Apps\caches\8.4\fileHashes).
2024-04-29T12:37:49.140+0600 [DEBUG] [org.gradle.cache.internal.LockOnDemandCrossProcessCacheAccess] Releasing file lock for execution history cache (C:\Users\Rain Coder\Documents\Playlist-Android-Apps\caches\8.4\executionHistory)
2024-04-29T12:37:49.140+0600 [DEBUG] [org.gradle.cache.internal.btree.BTreePersistentIndexedCache] Closing cache executionHistory.bin (C:\Users\Rain Coder\Documents\Playlist-Android-Apps\caches\8.4\executionHistory\executionHistory.bin)
2024-04-29T12:37:49.141+0600 [DEBUG] [org.gradle.cache.internal.DefaultFileLockManager] Releasing lock on execution history cache (C:\Users\Rain Coder\Documents\Playlist-Android-Apps\caches\8.4\executionHistory).
2024-04-29T12:37:49.144+0600 [DEBUG] [org.gradle.launcher.daemon.registry.PersistentDaemonRegistry] Removing daemon address: [09d406f4-ef27-4afd-9cc7-5329af460452 port:1670, addresses:[localhost/127.0.0.1]]
Daemon vm is shutting down... The daemon has exited normally or was terminated in response to a user interrupt.
2024-04-29T12:37:49.145+0600 [DEBUG] [org.gradle.cache.internal.DefaultFileLockManager] Waiting to acquire exclusive lock on daemon addresses registry.
2024-04-29T12:37:49.146+0600 [DEBUG] [org.gradle.cache.internal.DefaultFileLockManager] Lock acquired on daemon addresses registry.
2024-04-29T12:37:49.147+0600 [DEBUG] [org.gradle.cache.internal.DefaultFileLockManager] Releasing lock on daemon addresses registry.
