2024-04-28T17:43:46.731+0600 [DEBUG] [org.gradle.launcher.daemon.bootstrap.DaemonMain] Assuming the daemon was started with following jvm opts: [--add-opens=java.base/java.util=ALL-UNNAMED, --add-opens=java.base/java.lang=ALL-UNNAMED, --add-opens=java.base/java.lang.invoke=ALL-UNNAMED, --add-opens=java.prefs/java.util.prefs=ALL-UNNAMED, --add-opens=java.base/java.nio.charset=ALL-UNNAMED, --add-opens=java.base/java.net=ALL-UNNAMED, --add-opens=java.base/java.util.concurrent.atomic=ALL-UNNAMED, -Xmx2048m, -Dfile.encoding=UTF-8, -Duser.country=US, -Duser.language=en, -Duser.variant]
2024-04-28T17:43:47.098+0600 [DEBUG] [org.gradle.internal.nativeintegration.services.NativeServices] Native-platform posix files integration is not available. Continuing with fallback.
2024-04-28T17:43:47.161+0600 [INFO] [org.gradle.launcher.daemon.server.Daemon] start() called on daemon - DefaultDaemonContext[uid=48f2e384-6de5-4b8d-8cbd-117b7ca1fa8b,javaHome=C:\Program Files\Android\Android Studio\jbr,daemonRegistryDir=C:\Users\Rain Coder\Documents\Playlist-Android-Apps\daemon,pid=9100,idleTimeout=10800000,priority=NORMAL,applyInstrumentationAgent=true,daemonOpts=--add-opens=java.base/java.util=ALL-UNNAMED,--add-opens=java.base/java.lang=ALL-UNNAMED,--add-opens=java.base/java.lang.invoke=ALL-UNNAMED,--add-opens=java.prefs/java.util.prefs=ALL-UNNAMED,--add-opens=java.base/java.nio.charset=ALL-UNNAMED,--add-opens=java.base/java.net=ALL-UNNAMED,--add-opens=java.base/java.util.concurrent.atomic=ALL-UNNAMED,-Xmx2048m,-Dfile.encoding=UTF-8,-Duser.country=US,-Duser.language=en,-Duser.variant]
2024-04-28T17:43:47.298+0600 [DEBUG] [org.gradle.internal.remote.internal.inet.InetAddresses] Adding IP addresses for network interface Software Loopback Interface 1
2024-04-28T17:43:47.300+0600 [DEBUG] [org.gradle.internal.remote.internal.inet.InetAddresses] Is this a loopback interface? true
2024-04-28T17:43:47.300+0600 [DEBUG] [org.gradle.internal.remote.internal.inet.InetAddresses] Adding loopback address /127.0.0.1
2024-04-28T17:43:47.301+0600 [DEBUG] [org.gradle.internal.remote.internal.inet.InetAddresses] Adding loopback address /0:0:0:0:0:0:0:1
2024-04-28T17:43:47.302+0600 [DEBUG] [org.gradle.internal.remote.internal.inet.InetAddresses] Adding IP addresses for network interface WAN Miniport (PPPOE)
2024-04-28T17:43:47.303+0600 [DEBUG] [org.gradle.internal.remote.internal.inet.InetAddresses] Is this a loopback interface? false
2024-04-28T17:43:47.304+0600 [DEBUG] [org.gradle.internal.remote.internal.inet.InetAddresses] Adding IP addresses for network interface Microsoft 6to4 Adapter
2024-04-28T17:43:47.307+0600 [DEBUG] [org.gradle.internal.remote.internal.inet.InetAddresses] Is this a loopback interface? false
2024-04-28T17:43:47.307+0600 [DEBUG] [org.gradle.internal.remote.internal.inet.InetAddresses] Adding IP addresses for network interface WAN Miniport (IPv6)
2024-04-28T17:43:47.309+0600 [DEBUG] [org.gradle.internal.remote.internal.inet.InetAddresses] Is this a loopback interface? false
2024-04-28T17:43:47.310+0600 [DEBUG] [org.gradle.internal.remote.internal.inet.InetAddresses] Adding IP addresses for network interface Microsoft IP-HTTPS Platform Adapter
2024-04-28T17:43:47.312+0600 [DEBUG] [org.gradle.internal.remote.internal.inet.InetAddresses] Is this a loopback interface? false
2024-04-28T17:43:47.312+0600 [DEBUG] [org.gradle.internal.remote.internal.inet.InetAddresses] Adding IP addresses for network interface WAN Miniport (PPTP)
2024-04-28T17:43:47.314+0600 [DEBUG] [org.gradle.internal.remote.internal.inet.InetAddresses] Is this a loopback interface? false
2024-04-28T17:43:47.315+0600 [DEBUG] [org.gradle.internal.remote.internal.inet.InetAddresses] Adding IP addresses for network interface Microsoft Teredo Tunneling Adapter
2024-04-28T17:43:47.317+0600 [DEBUG] [org.gradle.internal.remote.internal.inet.InetAddresses] Is this a loopback interface? false
2024-04-28T17:43:47.317+0600 [DEBUG] [org.gradle.internal.remote.internal.inet.InetAddresses] Adding IP addresses for network interface WAN Miniport (Network Monitor)
2024-04-28T17:43:47.319+0600 [DEBUG] [org.gradle.internal.remote.internal.inet.InetAddresses] Is this a loopback interface? false
2024-04-28T17:43:47.320+0600 [DEBUG] [org.gradle.internal.remote.internal.inet.InetAddresses] Adding IP addresses for network interface WAN Miniport (IKEv2)
2024-04-28T17:43:47.321+0600 [DEBUG] [org.gradle.internal.remote.internal.inet.InetAddresses] Is this a loopback interface? false
2024-04-28T17:43:47.322+0600 [DEBUG] [org.gradle.internal.remote.internal.inet.InetAddresses] Adding IP addresses for network interface WAN Miniport (SSTP)
2024-04-28T17:43:47.325+0600 [DEBUG] [org.gradle.internal.remote.internal.inet.InetAddresses] Is this a loopback interface? false
2024-04-28T17:43:47.325+0600 [DEBUG] [org.gradle.internal.remote.internal.inet.InetAddresses] Adding IP addresses for network interface WAN Miniport (IP)
2024-04-28T17:43:47.327+0600 [DEBUG] [org.gradle.internal.remote.internal.inet.InetAddresses] Is this a loopback interface? false
2024-04-28T17:43:47.327+0600 [DEBUG] [org.gradle.internal.remote.internal.inet.InetAddresses] Adding IP addresses for network interface Microsoft Kernel Debug Network Adapter
2024-04-28T17:43:47.329+0600 [DEBUG] [org.gradle.internal.remote.internal.inet.InetAddresses] Is this a loopback interface? false
2024-04-28T17:43:47.330+0600 [DEBUG] [org.gradle.internal.remote.internal.inet.InetAddresses] Adding IP addresses for network interface Realtek PCIe FE Family Controller
2024-04-28T17:43:47.332+0600 [DEBUG] [org.gradle.internal.remote.internal.inet.InetAddresses] Is this a loopback interface? false
2024-04-28T17:43:47.332+0600 [DEBUG] [org.gradle.internal.remote.internal.inet.InetAddresses] Adding remote address /192.168.0.103
2024-04-28T17:43:47.332+0600 [DEBUG] [org.gradle.internal.remote.internal.inet.InetAddresses] Adding remote address /fe80:0:0:0:9241:4bce:196a:bdee%eth4
2024-04-28T17:43:47.333+0600 [DEBUG] [org.gradle.internal.remote.internal.inet.InetAddresses] Adding IP addresses for network interface WAN Miniport (L2TP)
2024-04-28T17:43:47.334+0600 [DEBUG] [org.gradle.internal.remote.internal.inet.InetAddresses] Is this a loopback interface? false
2024-04-28T17:43:47.335+0600 [DEBUG] [org.gradle.internal.remote.internal.inet.InetAddresses] Adding IP addresses for network interface Realtek PCIe FE Family Controller-WFP Native MAC Layer LightWeight Filter-0000
2024-04-28T17:43:47.337+0600 [DEBUG] [org.gradle.internal.remote.internal.inet.InetAddresses] Is this a loopback interface? false
2024-04-28T17:43:47.338+0600 [DEBUG] [org.gradle.internal.remote.internal.inet.InetAddresses] Adding IP addresses for network interface Realtek PCIe FE Family Controller-QoS Packet Scheduler-0000
2024-04-28T17:43:47.340+0600 [DEBUG] [org.gradle.internal.remote.internal.inet.InetAddresses] Is this a loopback interface? false
2024-04-28T17:43:47.341+0600 [DEBUG] [org.gradle.internal.remote.internal.inet.InetAddresses] Adding IP addresses for network interface Realtek PCIe FE Family Controller-WFP 802.3 MAC Layer LightWeight Filter-0000
2024-04-28T17:43:47.342+0600 [DEBUG] [org.gradle.internal.remote.internal.inet.InetAddresses] Is this a loopback interface? false
2024-04-28T17:43:47.342+0600 [DEBUG] [org.gradle.internal.remote.internal.inet.InetAddresses] Adding IP addresses for network interface WAN Miniport (IP)-WFP Native MAC Layer LightWeight Filter-0000
2024-04-28T17:43:47.344+0600 [DEBUG] [org.gradle.internal.remote.internal.inet.InetAddresses] Is this a loopback interface? false
2024-04-28T17:43:47.344+0600 [DEBUG] [org.gradle.internal.remote.internal.inet.InetAddresses] Adding IP addresses for network interface WAN Miniport (IP)-QoS Packet Scheduler-0000
2024-04-28T17:43:47.345+0600 [DEBUG] [org.gradle.internal.remote.internal.inet.InetAddresses] Is this a loopback interface? false
2024-04-28T17:43:47.346+0600 [DEBUG] [org.gradle.internal.remote.internal.inet.InetAddresses] Adding IP addresses for network interface WAN Miniport (IPv6)-WFP Native MAC Layer LightWeight Filter-0000
2024-04-28T17:43:47.347+0600 [DEBUG] [org.gradle.internal.remote.internal.inet.InetAddresses] Is this a loopback interface? false
2024-04-28T17:43:47.347+0600 [DEBUG] [org.gradle.internal.remote.internal.inet.InetAddresses] Adding IP addresses for network interface WAN Miniport (IPv6)-QoS Packet Scheduler-0000
2024-04-28T17:43:47.349+0600 [DEBUG] [org.gradle.internal.remote.internal.inet.InetAddresses] Is this a loopback interface? false
2024-04-28T17:43:47.349+0600 [DEBUG] [org.gradle.internal.remote.internal.inet.InetAddresses] Adding IP addresses for network interface WAN Miniport (Network Monitor)-WFP Native MAC Layer LightWeight Filter-0000
2024-04-28T17:43:47.351+0600 [DEBUG] [org.gradle.internal.remote.internal.inet.InetAddresses] Is this a loopback interface? false
2024-04-28T17:43:47.352+0600 [DEBUG] [org.gradle.internal.remote.internal.inet.InetAddresses] Adding IP addresses for network interface WAN Miniport (Network Monitor)-QoS Packet Scheduler-0000
2024-04-28T17:43:47.354+0600 [DEBUG] [org.gradle.internal.remote.internal.inet.InetAddresses] Is this a loopback interface? false
2024-04-28T17:43:47.363+0600 [DEBUG] [org.gradle.internal.remote.internal.inet.TcpIncomingConnector] Listening on [80d5892d-f535-4d80-8b21-856bc9c610fb port:3650, addresses:[localhost/127.0.0.1]].
2024-04-28T17:43:47.395+0600 [DEBUG] [org.gradle.launcher.daemon.server.Daemon] Daemon starting at: Sun Apr 28 17:43:47 BDT 2024, with address: [80d5892d-f535-4d80-8b21-856bc9c610fb port:3650, addresses:[localhost/127.0.0.1]]
2024-04-28T17:43:47.395+0600 [INFO] [org.gradle.launcher.daemon.server.DaemonRegistryUpdater] Advertising the daemon address to the clients: [80d5892d-f535-4d80-8b21-856bc9c610fb port:3650, addresses:[localhost/127.0.0.1]]
2024-04-28T17:43:47.395+0600 [DEBUG] [org.gradle.launcher.daemon.server.DaemonRegistryUpdater] Advertised daemon context: DefaultDaemonContext[uid=48f2e384-6de5-4b8d-8cbd-117b7ca1fa8b,javaHome=C:\Program Files\Android\Android Studio\jbr,daemonRegistryDir=C:\Users\Rain Coder\Documents\Playlist-Android-Apps\daemon,pid=9100,idleTimeout=10800000,priority=NORMAL,applyInstrumentationAgent=true,daemonOpts=--add-opens=java.base/java.util=ALL-UNNAMED,--add-opens=java.base/java.lang=ALL-UNNAMED,--add-opens=java.base/java.lang.invoke=ALL-UNNAMED,--add-opens=java.prefs/java.util.prefs=ALL-UNNAMED,--add-opens=java.base/java.nio.charset=ALL-UNNAMED,--add-opens=java.base/java.net=ALL-UNNAMED,--add-opens=java.base/java.util.concurrent.atomic=ALL-UNNAMED,-Xmx2048m,-Dfile.encoding=UTF-8,-Duser.country=US,-Duser.language=en,-Duser.variant]
2024-04-28T17:43:47.398+0600 [DEBUG] [org.gradle.launcher.daemon.registry.PersistentDaemonRegistry] Storing daemon address: [80d5892d-f535-4d80-8b21-856bc9c610fb port:3650, addresses:[localhost/127.0.0.1]], context: DefaultDaemonContext[uid=48f2e384-6de5-4b8d-8cbd-117b7ca1fa8b,javaHome=C:\Program Files\Android\Android Studio\jbr,daemonRegistryDir=C:\Users\Rain Coder\Documents\Playlist-Android-Apps\daemon,pid=9100,idleTimeout=10800000,priority=NORMAL,applyInstrumentationAgent=true,daemonOpts=--add-opens=java.base/java.util=ALL-UNNAMED,--add-opens=java.base/java.lang=ALL-UNNAMED,--add-opens=java.base/java.lang.invoke=ALL-UNNAMED,--add-opens=java.prefs/java.util.prefs=ALL-UNNAMED,--add-opens=java.base/java.nio.charset=ALL-UNNAMED,--add-opens=java.base/java.net=ALL-UNNAMED,--add-opens=java.base/java.util.concurrent.atomic=ALL-UNNAMED,-Xmx2048m,-Dfile.encoding=UTF-8,-Duser.country=US,-Duser.language=en,-Duser.variant]
2024-04-28T17:43:47.422+0600 [DEBUG] [org.gradle.cache.internal.DefaultFileLockManager] Waiting to acquire exclusive lock on daemon addresses registry.
2024-04-28T17:43:47.432+0600 [DEBUG] [org.gradle.cache.internal.DefaultFileLockManager] Lock acquired on daemon addresses registry.
2024-04-28T17:43:47.442+0600 [DEBUG] [org.gradle.cache.internal.DefaultFileLockManager] Releasing lock on daemon addresses registry.
2024-04-28T17:43:47.443+0600 [LIFECYCLE] [org.gradle.launcher.daemon.server.Daemon] Daemon server started.
2024-04-28T17:43:47.447+0600 [DEBUG] [org.gradle.launcher.daemon.bootstrap.DaemonStartupCommunication] Completed writing the daemon greeting. Closing streams...
2024-04-28T17:43:47.459+0600 [DEBUG] [org.gradle.internal.remote.internal.inet.TcpIncomingConnector] Accepted connection from /127.0.0.1:3651 to /127.0.0.1:3650.
2024-04-28T17:43:47.472+0600 [DEBUG] [org.gradle.launcher.daemon.server.Daemon] stopOnExpiration() called on daemon
2024-04-28T17:43:47.474+0600 [DEBUG] [org.gradle.launcher.daemon.server.Daemon] awaitExpiration() called on daemon
2024-04-28T17:43:47.475+0600 [DEBUG] [org.gradle.launcher.daemon.server.DaemonStateCoordinator] daemon is running. Sleeping until state changes.
2024-04-28T17:43:47.560+0600 [DEBUG] [org.gradle.launcher.daemon.server.SynchronizedDispatchConnection] thread 21: received class org.gradle.launcher.daemon.protocol.Build
2024-04-28T17:43:47.560+0600 [DEBUG] [org.gradle.launcher.daemon.server.DefaultDaemonConnection] thread 21: Received non-IO message from client: Build{id=ea550b46-3d17-4b87-a920-d2fa51ae6564, currentDir=C:\Users\Rain Coder\Documents\Playlist-Android-Apps}
2024-04-28T17:43:47.561+0600 [INFO] [org.gradle.launcher.daemon.server.DefaultIncomingConnectionHandler] Received command: Build{id=ea550b46-3d17-4b87-a920-d2fa51ae6564, currentDir=C:\Users\Rain Coder\Documents\Playlist-Android-Apps}.
2024-04-28T17:43:47.561+0600 [DEBUG] [org.gradle.launcher.daemon.server.DefaultIncomingConnectionHandler] Starting executing command: Build{id=ea550b46-3d17-4b87-a920-d2fa51ae6564, currentDir=C:\Users\Rain Coder\Documents\Playlist-Android-Apps} with connection: socket connection from /127.0.0.1:3650 to /127.0.0.1:3651.
2024-04-28T17:43:47.564+0600 [DEBUG] [org.gradle.launcher.daemon.server.DaemonStateCoordinator] Command execution: started DaemonCommandExecution[command = Build{id=ea550b46-3d17-4b87-a920-d2fa51ae6564, currentDir=C:\Users\Rain Coder\Documents\Playlist-Android-Apps}, connection = DefaultDaemonConnection: socket connection from /127.0.0.1:3650 to /127.0.0.1:3651] after 0.0 minutes of idle
2024-04-28T17:43:47.564+0600 [INFO] [org.gradle.launcher.daemon.server.DaemonRegistryUpdater] Marking the daemon as busy, address: [80d5892d-f535-4d80-8b21-856bc9c610fb port:3650, addresses:[localhost/127.0.0.1]]
2024-04-28T17:43:47.565+0600 [DEBUG] [org.gradle.launcher.daemon.registry.PersistentDaemonRegistry] Marking busy by address: [80d5892d-f535-4d80-8b21-856bc9c610fb port:3650, addresses:[localhost/127.0.0.1]]
2024-04-28T17:43:47.566+0600 [DEBUG] [org.gradle.cache.internal.DefaultFileLockManager] Waiting to acquire exclusive lock on daemon addresses registry.
2024-04-28T17:43:47.567+0600 [DEBUG] [org.gradle.cache.internal.DefaultFileLockManager] Lock acquired on daemon addresses registry.
2024-04-28T17:43:47.568+0600 [DEBUG] [org.gradle.cache.internal.DefaultFileLockManager] Releasing lock on daemon addresses registry.
2024-04-28T17:43:47.569+0600 [DEBUG] [org.gradle.launcher.daemon.server.DaemonStateCoordinator] resetting idle timer
2024-04-28T17:43:47.569+0600 [DEBUG] [org.gradle.launcher.daemon.server.DaemonStateCoordinator] daemon is running. Sleeping until state changes.
2024-04-28T17:43:47.569+0600 [INFO] [org.gradle.launcher.daemon.server.exec.StartBuildOrRespondWithBusy] Daemon is about to start building Build{id=ea550b46-3d17-4b87-a920-d2fa51ae6564, currentDir=C:\Users\Rain Coder\Documents\Playlist-Android-Apps}. Dispatching build started information...
2024-04-28T17:43:47.570+0600 [DEBUG] [org.gradle.launcher.daemon.server.SynchronizedDispatchConnection] thread 23: dispatching org.gradle.launcher.daemon.protocol.BuildStarted@7332505c
2024-04-28T17:43:47.574+0600 [DEBUG] [org.gradle.launcher.daemon.server.exec.EstablishBuildEnvironment] Configuring env variables: [USERDOMAIN_ROAMINGPROFILE, LOCALAPPDATA, PROCESSOR_LEVEL, USERDOMAIN, LOGONSERVER, FPS_BROWSER_APP_PROFILE_STRING, JAVA_HOME, SESSIONNAME, ALLUSERSPROFILE, PROCESSOR_ARCHITECTURE, PSModulePath, SystemDrive, APPDATA, USERNAME, ProgramFiles(x86), CommonProgramFiles, Path, FPS_BROWSER_USER_PROFILE_STRING, PATHEXT, DriverData, OS, COMPUTERNAME, PROCESSOR_REVISION, CommonProgramW6432, ComSpec, ProgramData, ProgramW6432, TEMP, HOMEPATH, SystemRoot, PROCESSOR_IDENTIFIER, HOMEDRIVE, USERPROFILE, TMP, CommonProgramFiles(x86), ProgramFiles, PUBLIC, windir, NUMBER_OF_PROCESSORS, =::, IDEA_INITIAL_DIRECTORY]
2024-04-28T17:43:47.576+0600 [DEBUG] [org.gradle.launcher.daemon.server.SynchronizedDispatchConnection] thread 21: received class org.gradle.launcher.daemon.protocol.CloseInput
2024-04-28T17:43:47.576+0600 [DEBUG] [org.gradle.launcher.daemon.server.DefaultDaemonConnection] thread 21: Received IO message from client: org.gradle.launcher.daemon.protocol.CloseInput@40ba14d8
2024-04-28T17:43:47.583+0600 [DEBUG] [org.gradle.launcher.daemon.server.exec.LogToClient] About to start relaying all logs to the client via the connection.
2024-04-28T17:43:47.584+0600 [INFO] [org.gradle.launcher.daemon.server.exec.LogToClient] The client will now receive all logging from the daemon (pid: 9100). The daemon log file: C:\Users\Rain Coder\Documents\Playlist-Android-Apps\daemon\8.4\daemon-9100.out.log
2024-04-28T17:43:47.586+0600 [INFO] [org.gradle.launcher.daemon.server.exec.LogAndCheckHealth] Starting build in new daemon [memory: 2 GiB]
2024-04-28T17:43:47.587+0600 [INFO] [org.gradle.launcher.daemon.server.exec.ForwardClientInput] Closing daemon's stdin at end of input.
2024-04-28T17:43:47.587+0600 [INFO] [org.gradle.launcher.daemon.server.exec.ForwardClientInput] The daemon will no longer process any standard input.
2024-04-28T17:43:47.590+0600 [DEBUG] [org.gradle.launcher.daemon.server.exec.ExecuteBuild] The daemon has started executing the build.
2024-04-28T17:43:47.591+0600 [DEBUG] [org.gradle.launcher.daemon.server.exec.ExecuteBuild] Executing build with daemon context: DefaultDaemonContext[uid=48f2e384-6de5-4b8d-8cbd-117b7ca1fa8b,javaHome=C:\Program Files\Android\Android Studio\jbr,daemonRegistryDir=C:\Users\Rain Coder\Documents\Playlist-Android-Apps\daemon,pid=9100,idleTimeout=10800000,priority=NORMAL,applyInstrumentationAgent=true,daemonOpts=--add-opens=java.base/java.util=ALL-UNNAMED,--add-opens=java.base/java.lang=ALL-UNNAMED,--add-opens=java.base/java.lang.invoke=ALL-UNNAMED,--add-opens=java.prefs/java.util.prefs=ALL-UNNAMED,--add-opens=java.base/java.nio.charset=ALL-UNNAMED,--add-opens=java.base/java.net=ALL-UNNAMED,--add-opens=java.base/java.util.concurrent.atomic=ALL-UNNAMED,-Xmx2048m,-Dfile.encoding=UTF-8,-Duser.country=US,-Duser.language=en,-Duser.variant]

BUILD SUCCESSFUL in 52s
36 actionable tasks: 4 executed, 32 up-to-date
2024-04-28T17:44:37.143+0600 [DEBUG] [org.gradle.launcher.daemon.server.exec.ExecuteBuild] The daemon has finished executing the build.
2024-04-28T17:44:37.149+0600 [DEBUG] [org.gradle.launcher.daemon.server.DaemonStateCoordinator] daemon is running. Sleeping until state changes.
2024-04-28T17:44:37.150+0600 [DEBUG] [org.gradle.launcher.daemon.server.DaemonStateCoordinator] Command execution: finished waiting for DaemonCommandExecution[command = Build{id=ea550b46-3d17-4b87-a920-d2fa51ae6564, currentDir=C:\Users\Rain Coder\Documents\Playlist-Android-Apps}, connection = DefaultDaemonConnection: socket connection from /127.0.0.1:3650 to /127.0.0.1:3651]. Result org.gradle.launcher.daemon.server.DaemonStateCoordinator@65e38f50 with state Busy
2024-04-28T17:44:37.150+0600 [DEBUG] [org.gradle.launcher.daemon.server.DaemonStateCoordinator] Command execution: completed DaemonCommandExecution[command = Build{id=ea550b46-3d17-4b87-a920-d2fa51ae6564, currentDir=C:\Users\Rain Coder\Documents\Playlist-Android-Apps}, connection = DefaultDaemonConnection: socket connection from /127.0.0.1:3650 to /127.0.0.1:3651]
2024-04-28T17:44:37.150+0600 [DEBUG] [org.gradle.launcher.daemon.server.DaemonStateCoordinator] resetting idle timer
2024-04-28T17:44:37.150+0600 [INFO] [org.gradle.launcher.daemon.server.DaemonRegistryUpdater] Marking the daemon as idle, address: [80d5892d-f535-4d80-8b21-856bc9c610fb port:3650, addresses:[localhost/127.0.0.1]]
2024-04-28T17:44:37.151+0600 [DEBUG] [org.gradle.launcher.daemon.registry.PersistentDaemonRegistry] Marking busy by address: [80d5892d-f535-4d80-8b21-856bc9c610fb port:3650, addresses:[localhost/127.0.0.1]]
2024-04-28T17:44:37.152+0600 [DEBUG] [org.gradle.cache.internal.DefaultFileLockManager] Waiting to acquire exclusive lock on daemon addresses registry.
2024-04-28T17:44:37.153+0600 [DEBUG] [org.gradle.cache.internal.DefaultFileLockManager] Lock acquired on daemon addresses registry.
2024-04-28T17:44:37.156+0600 [DEBUG] [org.gradle.cache.internal.DefaultFileLockManager] Releasing lock on daemon addresses registry.
2024-04-28T17:44:37.156+0600 [DEBUG] [org.gradle.launcher.daemon.server.DaemonStateCoordinator] daemon is running. Sleeping until state changes.
2024-04-28T17:44:37.157+0600 [DEBUG] [org.gradle.launcher.daemon.server.exec.ReturnResult] Daemon is dispatching the build result: Success[value=org.gradle.launcher.exec.BuildActionResult@7b250403]
2024-04-28T17:44:37.157+0600 [DEBUG] [org.gradle.launcher.daemon.server.SynchronizedDispatchConnection] thread 20: dispatching Success[value=org.gradle.launcher.exec.BuildActionResult@7b250403]
2024-04-28T17:44:37.158+0600 [DEBUG] [org.gradle.launcher.daemon.server.DefaultIncomingConnectionHandler] Finishing executing command: Build{id=ea550b46-3d17-4b87-a920-d2fa51ae6564, currentDir=C:\Users\Rain Coder\Documents\Playlist-Android-Apps}
2024-04-28T17:44:37.159+0600 [DEBUG] [org.gradle.launcher.daemon.server.SynchronizedDispatchConnection] thread 21: received class org.gradle.launcher.daemon.protocol.Finished
2024-04-28T17:44:37.161+0600 [DEBUG] [org.gradle.launcher.daemon.server.DefaultDaemonConnection] thread 21: Received non-IO message from client: org.gradle.launcher.daemon.protocol.Finished@6725a87
2024-04-28T17:44:37.163+0600 [DEBUG] [org.gradle.internal.remote.internal.inet.SocketConnection] Discarding EOFException: java.io.EOFException
2024-04-28T17:44:37.164+0600 [DEBUG] [org.gradle.launcher.daemon.server.SynchronizedDispatchConnection] thread 21: received null
2024-04-28T17:44:37.164+0600 [DEBUG] [org.gradle.launcher.daemon.server.DefaultDaemonConnection] thread 21: Received end-of-input from client.
2024-04-28T17:44:37.220+0600 [WARN] [org.gradle.launcher.daemon.server.DefaultIncomingConnectionHandler] Timed out waiting for finished message from client socket connection from /127.0.0.1:3650 to /127.0.0.1:3651. Discarding connection.
2024-04-28T17:44:37.220+0600 [DEBUG] [org.gradle.launcher.daemon.server.SynchronizedDispatchConnection] thread 20: stopping connection
2024-04-28T17:44:37.235+0600 [DEBUG] [org.gradle.launcher.daemon.server.SynchronizedDispatchConnection] thread 20: stopping connection
2024-04-28T17:44:37.489+0600 [DEBUG] [org.gradle.cache.internal.DefaultFileLockManager] Waiting to acquire shared lock on daemon addresses registry.
2024-04-28T17:44:37.489+0600 [DEBUG] [org.gradle.cache.internal.DefaultFileLockManager] Lock acquired on daemon addresses registry.
2024-04-28T17:44:37.490+0600 [DEBUG] [org.gradle.cache.internal.DefaultFileLockManager] Releasing lock on daemon addresses registry.
2024-04-28T17:44:37.493+0600 [DEBUG] [org.gradle.cache.internal.DefaultFileLockManager] Waiting to acquire shared lock on daemon addresses registry.
2024-04-28T17:44:37.494+0600 [DEBUG] [org.gradle.cache.internal.DefaultFileLockManager] Lock acquired on daemon addresses registry.
2024-04-28T17:44:37.498+0600 [DEBUG] [org.gradle.cache.internal.DefaultFileLockManager] Releasing lock on daemon addresses registry.
2024-04-28T17:44:47.480+0600 [DEBUG] [org.gradle.cache.internal.DefaultFileLockManager] Waiting to acquire shared lock on daemon addresses registry.
2024-04-28T17:44:47.481+0600 [DEBUG] [org.gradle.cache.internal.DefaultFileLockManager] Lock acquired on daemon addresses registry.
2024-04-28T17:44:47.481+0600 [DEBUG] [org.gradle.cache.internal.DefaultFileLockManager] Releasing lock on daemon addresses registry.
2024-04-28T17:44:47.483+0600 [DEBUG] [org.gradle.cache.internal.DefaultFileLockManager] Waiting to acquire shared lock on daemon addresses registry.
2024-04-28T17:44:47.483+0600 [DEBUG] [org.gradle.cache.internal.DefaultFileLockManager] Lock acquired on daemon addresses registry.
2024-04-28T17:44:47.484+0600 [DEBUG] [org.gradle.cache.internal.DefaultFileLockManager] Releasing lock on daemon addresses registry.
2024-04-28T17:44:47.485+0600 [DEBUG] [org.gradle.cache.internal.DefaultFileLockManager] Waiting to acquire shared lock on daemon addresses registry.
2024-04-28T17:44:47.486+0600 [DEBUG] [org.gradle.cache.internal.DefaultFileLockManager] Lock acquired on daemon addresses registry.
2024-04-28T17:44:47.486+0600 [DEBUG] [org.gradle.cache.internal.DefaultFileLockManager] Releasing lock on daemon addresses registry.
2024-04-28T17:44:52.784+0600 [DEBUG] [sun.rmi.transport.tcp] RMI Scheduler(0): close connection, socket: Socket[addr=localhost/127.0.0.1,port=17078,localport=3655]
2024-04-28T17:44:52.816+0600 [DEBUG] [sun.rmi.transport.tcp] RMI Scheduler(0): close connection, socket: Socket[addr=localhost/127.0.0.1,port=17078,localport=3656]
2024-04-28T17:44:53.017+0600 [DEBUG] [sun.rmi.transport.tcp] RMI TCP Connection(1)-127.0.0.1: (port 3657) connection closed
2024-04-28T17:44:53.017+0600 [DEBUG] [sun.rmi.transport.tcp] RMI TCP Connection(1)-127.0.0.1: close connection, socket: Socket[addr=/127.0.0.1,port=3658,localport=3657]
2024-04-28T17:44:53.018+0600 [DEBUG] [sun.rmi.transport.tcp] RMI TCP Connection(1)-127.0.0.1: socket close: Socket[addr=/127.0.0.1,port=3658,localport=3657]
2024-04-28T17:44:53.774+0600 [DEBUG] [org.gradle.internal.remote.internal.inet.TcpIncomingConnector] Accepted connection from /127.0.0.1:3671 to /127.0.0.1:3650.
2024-04-28T17:44:53.795+0600 [DEBUG] [org.gradle.launcher.daemon.server.SynchronizedDispatchConnection] thread 108: received class org.gradle.launcher.daemon.protocol.StopWhenIdle
2024-04-28T17:44:53.795+0600 [DEBUG] [org.gradle.launcher.daemon.server.DefaultDaemonConnection] thread 108: Received non-IO message from client: StopWhenIdle[id=8e86ad10-129c-4d23-af00-2300cbc35739]
2024-04-28T17:44:53.799+0600 [INFO] [org.gradle.launcher.daemon.server.DefaultIncomingConnectionHandler] Received command: StopWhenIdle[id=8e86ad10-129c-4d23-af00-2300cbc35739].
2024-04-28T17:44:53.799+0600 [DEBUG] [org.gradle.launcher.daemon.server.DefaultIncomingConnectionHandler] Starting executing command: StopWhenIdle[id=8e86ad10-129c-4d23-af00-2300cbc35739] with connection: socket connection from /127.0.0.1:3650 to /127.0.0.1:3671.
2024-04-28T17:44:53.800+0600 [DEBUG] [org.gradle.launcher.daemon.server.DaemonRegistryUpdater] Storing daemon stop event: stop command received
2024-04-28T17:44:53.800+0600 [DEBUG] [org.gradle.launcher.daemon.registry.PersistentDaemonRegistry] Storing daemon stop event with timestamp 1714304693800
2024-04-28T17:44:53.802+0600 [DEBUG] [org.gradle.cache.internal.DefaultFileLockManager] Waiting to acquire exclusive lock on daemon addresses registry.
2024-04-28T17:44:53.803+0600 [DEBUG] [org.gradle.cache.internal.DefaultFileLockManager] Lock acquired on daemon addresses registry.
2024-04-28T17:44:53.805+0600 [DEBUG] [org.gradle.cache.internal.DefaultFileLockManager] Releasing lock on daemon addresses registry.
2024-04-28T17:44:53.806+0600 [LIFECYCLE] [org.gradle.launcher.daemon.server.DaemonStateCoordinator] Daemon will be stopped at the end of the build stop command received
2024-04-28T17:44:53.806+0600 [DEBUG] [org.gradle.launcher.daemon.server.DaemonStateCoordinator] Marking daemon stopped due to stop command received. The daemon is running a build: false
2024-04-28T17:44:53.806+0600 [DEBUG] [org.gradle.launcher.daemon.server.SynchronizedDispatchConnection] thread 20: dispatching Success[value=null]
2024-04-28T17:44:53.806+0600 [DEBUG] [org.gradle.launcher.daemon.server.DefaultIncomingConnectionHandler] Finishing executing command: StopWhenIdle[id=8e86ad10-129c-4d23-af00-2300cbc35739]
2024-04-28T17:44:53.807+0600 [DEBUG] [org.gradle.launcher.daemon.server.DaemonStateCoordinator] daemon has stopped.
2024-04-28T17:44:53.807+0600 [DEBUG] [org.gradle.launcher.daemon.server.Daemon] stop() called on daemon
2024-04-28T17:44:53.807+0600 [INFO] [org.gradle.launcher.daemon.server.Daemon] Stop requested. Daemon is removing its presence from the registry...
2024-04-28T17:44:53.807+0600 [DEBUG] [org.gradle.launcher.daemon.server.DaemonRegistryUpdater] Removing our presence to clients, eg. removing this address from the registry: [80d5892d-f535-4d80-8b21-856bc9c610fb port:3650, addresses:[localhost/127.0.0.1]]
2024-04-28T17:44:53.808+0600 [DEBUG] [org.gradle.launcher.daemon.registry.PersistentDaemonRegistry] Removing daemon address: [80d5892d-f535-4d80-8b21-856bc9c610fb port:3650, addresses:[localhost/127.0.0.1]]
2024-04-28T17:44:53.811+0600 [DEBUG] [org.gradle.cache.internal.DefaultFileLockManager] Waiting to acquire exclusive lock on daemon addresses registry.
2024-04-28T17:44:53.811+0600 [DEBUG] [org.gradle.cache.internal.DefaultFileLockManager] Lock acquired on daemon addresses registry.
2024-04-28T17:44:53.814+0600 [DEBUG] [org.gradle.cache.internal.DefaultFileLockManager] Releasing lock on daemon addresses registry.
2024-04-28T17:44:53.815+0600 [DEBUG] [org.gradle.launcher.daemon.server.DaemonRegistryUpdater] Address removed from registry.
2024-04-28T17:44:53.836+0600 [DEBUG] [org.gradle.launcher.daemon.server.SynchronizedDispatchConnection] thread 108: received class org.gradle.launcher.daemon.protocol.Finished
2024-04-28T17:44:53.836+0600 [DEBUG] [org.gradle.launcher.daemon.server.DefaultDaemonConnection] thread 108: Received non-IO message from client: org.gradle.launcher.daemon.protocol.Finished@29d82fe5
2024-04-28T17:44:53.837+0600 [DEBUG] [org.gradle.launcher.daemon.server.DefaultIncomingConnectionHandler] Received finished message: org.gradle.launcher.daemon.protocol.Finished@29d82fe5
2024-04-28T17:44:53.838+0600 [DEBUG] [org.gradle.launcher.daemon.server.SynchronizedDispatchConnection] thread 20: stopping connection
2024-04-28T17:44:53.838+0600 [DEBUG] [org.gradle.internal.remote.internal.inet.SocketConnection] Discarding EOFException: java.io.EOFException
2024-04-28T17:44:53.838+0600 [DEBUG] [org.gradle.launcher.daemon.server.SynchronizedDispatchConnection] thread 108: received null
2024-04-28T17:44:53.838+0600 [DEBUG] [org.gradle.launcher.daemon.server.DefaultDaemonConnection] thread 108: Received end-of-input from client.
2024-04-28T17:44:53.840+0600 [DEBUG] [org.gradle.launcher.daemon.server.SynchronizedDispatchConnection] thread 20: stopping connection
2024-04-28T17:44:53.844+0600 [DEBUG] [org.gradle.cache.internal.LockOnDemandCrossProcessCacheAccess] Releasing file lock for jars (C:\Users\Rain Coder\Documents\Playlist-Android-Apps\caches\jars-9)
2024-04-28T17:44:53.844+0600 [DEBUG] [org.gradle.cache.internal.DefaultFileLockManager] Releasing lock on jars (C:\Users\Rain Coder\Documents\Playlist-Android-Apps\caches\jars-9).
2024-04-28T17:44:53.845+0600 [DEBUG] [org.gradle.cache.internal.DefaultPersistentDirectoryStore] jars (C:\Users\Rain Coder\Documents\Playlist-Android-Apps\caches\jars-9) has last been fully cleaned up 29 hours ago
2024-04-28T17:44:53.850+0600 [INFO] [org.gradle.cache.internal.AbstractCacheCleanup] jars (C:\Users\Rain Coder\Documents\Playlist-Android-Apps\caches\jars-9) cleanup deleted 0 files/directories.
2024-04-28T17:44:53.851+0600 [INFO] [org.gradle.cache.internal.LeastRecentlyUsedCacheCleanup] jars (C:\Users\Rain Coder\Documents\Playlist-Android-Apps\caches\jars-9) removing files not accessed on or after Sun Apr 21 17:43:54 BDT 2024.
2024-04-28T17:44:53.877+0600 [INFO] [org.gradle.cache.internal.AbstractCacheCleanup] jars (C:\Users\Rain Coder\Documents\Playlist-Android-Apps\caches\jars-9) cleanup deleted 0 files/directories.
2024-04-28T17:44:53.878+0600 [INFO] [org.gradle.cache.internal.DefaultPersistentDirectoryStore] jars (C:\Users\Rain Coder\Documents\Playlist-Android-Apps\caches\jars-9) cleaned up in 0.032 secs.
2024-04-28T17:44:53.880+0600 [DEBUG] [org.gradle.cache.internal.LockOnDemandCrossProcessCacheAccess] Releasing file lock for Artifact transforms cache (C:\Users\Rain Coder\Documents\Playlist-Android-Apps\caches\transforms-3)
2024-04-28T17:44:53.881+0600 [DEBUG] [org.gradle.cache.internal.DefaultFileLockManager] Releasing lock on Artifact transforms cache (C:\Users\Rain Coder\Documents\Playlist-Android-Apps\caches\transforms-3).
2024-04-28T17:44:53.883+0600 [DEBUG] [org.gradle.cache.internal.DefaultPersistentDirectoryStore] Artifact transforms cache (C:\Users\Rain Coder\Documents\Playlist-Android-Apps\caches\transforms-3) has last been fully cleaned up 29 hours ago
2024-04-28T17:44:53.883+0600 [INFO] [org.gradle.cache.internal.LeastRecentlyUsedCacheCleanup] Artifact transforms cache (C:\Users\Rain Coder\Documents\Playlist-Android-Apps\caches\transforms-3) removing files not accessed on or after Sun Apr 21 17:43:54 BDT 2024.
2024-04-28T17:44:53.990+0600 [INFO] [org.gradle.cache.internal.AbstractCacheCleanup] Artifact transforms cache (C:\Users\Rain Coder\Documents\Playlist-Android-Apps\caches\transforms-3) cleanup deleted 0 files/directories.
2024-04-28T17:44:53.993+0600 [INFO] [org.gradle.cache.internal.DefaultPersistentDirectoryStore] Artifact transforms cache (C:\Users\Rain Coder\Documents\Playlist-Android-Apps\caches\transforms-3) cleaned up in 0.11 secs.
2024-04-28T17:44:53.996+0600 [DEBUG] [org.gradle.cache.internal.LockOnDemandCrossProcessCacheAccess] Releasing file lock for kotlin-dsl (C:\Users\Rain Coder\Documents\Playlist-Android-Apps\caches\8.4\kotlin-dsl)
2024-04-28T17:44:53.996+0600 [DEBUG] [org.gradle.cache.internal.btree.BTreePersistentIndexedCache] Closing cache executionHistory.bin (C:\Users\Rain Coder\Documents\Playlist-Android-Apps\caches\8.4\kotlin-dsl\executionHistory.bin)
2024-04-28T17:44:53.996+0600 [DEBUG] [org.gradle.cache.internal.DefaultFileLockManager] Releasing lock on kotlin-dsl (C:\Users\Rain Coder\Documents\Playlist-Android-Apps\caches\8.4\kotlin-dsl).
2024-04-28T17:44:53.997+0600 [DEBUG] [org.gradle.cache.internal.DefaultPersistentDirectoryStore] kotlin-dsl (C:\Users\Rain Coder\Documents\Playlist-Android-Apps\caches\8.4\kotlin-dsl) has last been fully cleaned up 29 hours ago
2024-04-28T17:44:53.998+0600 [INFO] [org.gradle.cache.internal.LeastRecentlyUsedCacheCleanup] kotlin-dsl (C:\Users\Rain Coder\Documents\Playlist-Android-Apps\caches\8.4\kotlin-dsl) removing files not accessed on or after Sun Apr 21 17:43:54 BDT 2024.
2024-04-28T17:44:54.002+0600 [INFO] [org.gradle.cache.internal.AbstractCacheCleanup] kotlin-dsl (C:\Users\Rain Coder\Documents\Playlist-Android-Apps\caches\8.4\kotlin-dsl) cleanup deleted 0 files/directories.
2024-04-28T17:44:54.002+0600 [INFO] [org.gradle.cache.internal.DefaultPersistentDirectoryStore] kotlin-dsl (C:\Users\Rain Coder\Documents\Playlist-Android-Apps\caches\8.4\kotlin-dsl) cleaned up in 0.004 secs.
2024-04-28T17:44:54.016+0600 [DEBUG] [org.gradle.cache.internal.LockOnDemandCrossProcessCacheAccess] Releasing file lock for file content cache (C:\Users\Rain Coder\Documents\Playlist-Android-Apps\caches\8.4\fileContent)
2024-04-28T17:44:54.017+0600 [DEBUG] [org.gradle.cache.internal.DefaultFileLockManager] Releasing lock on file content cache (C:\Users\Rain Coder\Documents\Playlist-Android-Apps\caches\8.4\fileContent).
2024-04-28T17:44:54.017+0600 [DEBUG] [org.gradle.internal.watch.vfs.impl.WatchingVirtualFileSystem] Closing VFS, dropping state
2024-04-28T17:44:54.019+0600 [DEBUG] [org.gradle.internal.watch.registry.impl.DefaultFileWatcherRegistry] Finished listening to file system change events
2024-04-28T17:44:54.020+0600 [DEBUG] [org.gradle.cache.internal.LockOnDemandCrossProcessCacheAccess] Releasing file lock for Generated Gradle JARs cache (C:\Users\Rain Coder\Documents\Playlist-Android-Apps\caches\8.4\generated-gradle-jars)
2024-04-28T17:44:54.020+0600 [DEBUG] [org.gradle.cache.internal.DefaultFileLockManager] Releasing lock on Generated Gradle JARs cache (C:\Users\Rain Coder\Documents\Playlist-Android-Apps\caches\8.4\generated-gradle-jars).
2024-04-28T17:44:54.021+0600 [DEBUG] [org.gradle.cache.internal.LockOnDemandCrossProcessCacheAccess] Releasing file lock for artifact cache (C:\Users\Rain Coder\Documents\Playlist-Android-Apps\caches\modules-2)
2024-04-28T17:44:54.021+0600 [DEBUG] [org.gradle.cache.internal.btree.BTreePersistentIndexedCache] Closing cache module-artifact.bin (C:\Users\Rain Coder\Documents\Playlist-Android-Apps\caches\modules-2\metadata-2.106\module-artifact.bin)
2024-04-28T17:44:54.023+0600 [DEBUG] [org.gradle.cache.internal.btree.BTreePersistentIndexedCache] Closing cache module-metadata.bin (C:\Users\Rain Coder\Documents\Playlist-Android-Apps\caches\modules-2\metadata-2.106\module-metadata.bin)
2024-04-28T17:44:54.023+0600 [DEBUG] [org.gradle.cache.internal.DefaultFileLockManager] Releasing lock on artifact cache (C:\Users\Rain Coder\Documents\Playlist-Android-Apps\caches\modules-2).
2024-04-28T17:44:54.024+0600 [DEBUG] [org.gradle.cache.internal.DefaultPersistentDirectoryStore] artifact cache (C:\Users\Rain Coder\Documents\Playlist-Android-Apps\caches\modules-2) has last been fully cleaned up 29 hours ago
2024-04-28T17:44:54.027+0600 [INFO] [org.gradle.cache.internal.AbstractCacheCleanup] artifact cache (C:\Users\Rain Coder\Documents\Playlist-Android-Apps\caches\modules-2) cleanup deleted 0 files/directories.
2024-04-28T17:44:54.029+0600 [INFO] [org.gradle.cache.internal.AbstractCacheCleanup] artifact cache (C:\Users\Rain Coder\Documents\Playlist-Android-Apps\caches\modules-2) [subdir: C:\Users\Rain Coder\Documents\Playlist-Android-Apps\caches\modules-2\resources-2.1] cleanup deleted 0 files/directories.
2024-04-28T17:44:54.030+0600 [INFO] [org.gradle.cache.internal.LeastRecentlyUsedCacheCleanup] artifact cache (C:\Users\Rain Coder\Documents\Playlist-Android-Apps\caches\modules-2) [subdir: C:\Users\Rain Coder\Documents\Playlist-Android-Apps\caches\modules-2\resources-2.1] removing files not accessed on or after Fri Mar 29 17:43:54 BDT 2024.
2024-04-28T17:44:54.030+0600 [INFO] [org.gradle.cache.internal.AbstractCacheCleanup] artifact cache (C:\Users\Rain Coder\Documents\Playlist-Android-Apps\caches\modules-2) [subdir: C:\Users\Rain Coder\Documents\Playlist-Android-Apps\caches\modules-2\resources-2.1] cleanup deleted 0 files/directories.
2024-04-28T17:44:54.031+0600 [INFO] [org.gradle.cache.internal.AbstractCacheCleanup] artifact cache (C:\Users\Rain Coder\Documents\Playlist-Android-Apps\caches\modules-2) [subdir: C:\Users\Rain Coder\Documents\Playlist-Android-Apps\caches\modules-2\files-2.1] cleanup deleted 0 files/directories.
2024-04-28T17:44:54.032+0600 [INFO] [org.gradle.cache.internal.LeastRecentlyUsedCacheCleanup] artifact cache (C:\Users\Rain Coder\Documents\Playlist-Android-Apps\caches\modules-2) [subdir: C:\Users\Rain Coder\Documents\Playlist-Android-Apps\caches\modules-2\files-2.1] removing files not accessed on or after Fri Mar 29 17:43:54 BDT 2024.
2024-04-28T17:44:54.302+0600 [INFO] [org.gradle.cache.internal.AbstractCacheCleanup] artifact cache (C:\Users\Rain Coder\Documents\Playlist-Android-Apps\caches\modules-2) [subdir: C:\Users\Rain Coder\Documents\Playlist-Android-Apps\caches\modules-2\files-2.1] cleanup deleted 0 files/directories.
2024-04-28T17:44:54.322+0600 [INFO] [org.gradle.cache.internal.AbstractCacheCleanup] artifact cache (C:\Users\Rain Coder\Documents\Playlist-Android-Apps\caches\modules-2) [subdir: C:\Users\Rain Coder\Documents\Playlist-Android-Apps\caches\modules-2\metadata-2.106] cleanup deleted 0 files/directories.
2024-04-28T17:44:54.343+0600 [INFO] [org.gradle.cache.internal.DefaultPersistentDirectoryStore] artifact cache (C:\Users\Rain Coder\Documents\Playlist-Android-Apps\caches\modules-2) cleaned up in 0.318 secs.
2024-04-28T17:44:54.344+0600 [DEBUG] [org.gradle.cache.internal.LockOnDemandCrossProcessCacheAccess] Releasing file lock for journal cache (C:\Users\Rain Coder\Documents\Playlist-Android-Apps\caches\journal-1)
2024-04-28T17:44:54.345+0600 [DEBUG] [org.gradle.cache.internal.btree.BTreePersistentIndexedCache] Closing cache file-access.bin (C:\Users\Rain Coder\Documents\Playlist-Android-Apps\caches\journal-1\file-access.bin)
2024-04-28T17:44:54.345+0600 [DEBUG] [org.gradle.cache.internal.DefaultFileLockManager] Releasing lock on journal cache (C:\Users\Rain Coder\Documents\Playlist-Android-Apps\caches\journal-1).
2024-04-28T17:44:54.348+0600 [DEBUG] [org.gradle.cache.internal.LockOnDemandCrossProcessCacheAccess] Releasing file lock for file hash cache (C:\Users\Rain Coder\Documents\Playlist-Android-Apps\caches\8.4\fileHashes)
2024-04-28T17:44:54.349+0600 [DEBUG] [org.gradle.cache.internal.btree.BTreePersistentIndexedCache] Closing cache fileHashes.bin (C:\Users\Rain Coder\Documents\Playlist-Android-Apps\caches\8.4\fileHashes\fileHashes.bin)
2024-04-28T17:44:54.350+0600 [DEBUG] [org.gradle.cache.internal.btree.BTreePersistentIndexedCache] Closing cache resourceHashesCache.bin (C:\Users\Rain Coder\Documents\Playlist-Android-Apps\caches\8.4\fileHashes\resourceHashesCache.bin)
2024-04-28T17:44:54.351+0600 [DEBUG] [org.gradle.cache.internal.DefaultFileLockManager] Releasing lock on file hash cache (C:\Users\Rain Coder\Documents\Playlist-Android-Apps\caches\8.4\fileHashes).
2024-04-28T17:44:54.399+0600 [DEBUG] [org.gradle.cache.internal.LockOnDemandCrossProcessCacheAccess] Releasing file lock for execution history cache (C:\Users\Rain Coder\Documents\Playlist-Android-Apps\caches\8.4\executionHistory)
2024-04-28T17:44:54.399+0600 [DEBUG] [org.gradle.cache.internal.btree.BTreePersistentIndexedCache] Closing cache executionHistory.bin (C:\Users\Rain Coder\Documents\Playlist-Android-Apps\caches\8.4\executionHistory\executionHistory.bin)
2024-04-28T17:44:54.399+0600 [DEBUG] [org.gradle.cache.internal.DefaultFileLockManager] Releasing lock on execution history cache (C:\Users\Rain Coder\Documents\Playlist-Android-Apps\caches\8.4\executionHistory).
2024-04-28T17:44:54.403+0600 [DEBUG] [org.gradle.cache.internal.VersionSpecificCacheCleanupAction] Processed version-specific caches at C:\Users\Rain Coder\Documents\Playlist-Android-Apps\caches for cleanup in 0.001 secs
Daemon vm is shutting down... The daemon has exited normally or was terminated in response to a user interrupt.
2024-04-28T17:44:54.450+0600 [DEBUG] [org.gradle.launcher.daemon.registry.PersistentDaemonRegistry] Removing daemon address: [80d5892d-f535-4d80-8b21-856bc9c610fb port:3650, addresses:[localhost/127.0.0.1]]
2024-04-28T17:44:54.452+0600 [DEBUG] [org.gradle.cache.internal.DefaultFileLockManager] Waiting to acquire exclusive lock on daemon addresses registry.
2024-04-28T17:44:54.452+0600 [DEBUG] [org.gradle.cache.internal.DefaultFileLockManager] Lock acquired on daemon addresses registry.
2024-04-28T17:44:54.456+0600 [DEBUG] [org.gradle.cache.internal.DefaultFileLockManager] Releasing lock on daemon addresses registry.
